#
# There is insufficient memory for the Java Runtime Environment to continue.
# Native memory allocation (mmap) failed to map 132120576 bytes. Error detail: G1 virtual space
# Possible reasons:
#   The system is out of physical RAM or swap space
#   This process is running with CompressedOops enabled, and the Java Heap may be blocking the growth of the native heap
# Possible solutions:
#   Reduce memory load on the system
#   Increase physical memory or swap space
#   Check if swap backing store is full
#   Decrease Java heap size (-Xmx/-Xms)
#   Decrease number of Java threads
#   Decrease Java thread stack sizes (-Xss)
#   Set larger code cache with -XX:ReservedCodeCacheSize=
#   JVM is running with Unscaled Compressed Oops mode in which the Java heap is
#     placed in the first 4GB address space. The Java Heap base address is the
#     maximum limit for the native heap growth. Please use -XX:HeapBaseMinAddress
#     to set the Java Heap base and to place the Java Heap above 4GB virtual address.
# This output file may be truncated or incomplete.
#
#  Out of Memory Error (os_windows.cpp:3815), pid=15872, tid=25200
#
# JRE version:  (21.0.3) (build )
# Java VM: OpenJDK 64-Bit Server VM (21.0.3+-12282718-b509.11, mixed mode, sharing, tiered, compressed oops, compressed class ptrs, g1 gc, windows-amd64)
# No core dump will be written. Minidumps are not enabled by default on client versions of Windows
#

---------------  S U M M A R Y ------------

Command Line: org.jetbrains.kotlin.cli.jvm.K2JVMCompiler @C:\Users\pc\AndroidStudioProjects\MessEase\app\build\20250330_10599325313006236572.compiler.options

Host: Intel(R) Core(TM) i5-10310U CPU @ 1.70GHz, 8 cores, 7G,  Windows 11 , 64 bit Build 22621 (10.0.22621.4974)
Time: Sun Mar 30 11:30:29 2025 India Standard Time elapsed time: 0.015727 seconds (0d 0h 0m 0s)

---------------  T H R E A D  ---------------

Current thread (0x0000021d7a709750):  JavaThread "Unknown thread" [_thread_in_vm, id=25200, stack(0x000000480af00000,0x000000480b000000) (1024K)]

Stack: [0x000000480af00000,0x000000480b000000]
Native frames: (J=compiled Java code, j=interpreted, Vv=VM code, C=native code)
V  [jvm.dll+0x6cafb9]
V  [jvm.dll+0x858523]
V  [jvm.dll+0x85aa7e]
V  [jvm.dll+0x85b163]
V  [jvm.dll+0x27d356]
V  [jvm.dll+0x6c7865]
V  [jvm.dll+0x6bbd3a]
V  [jvm.dll+0x35199b]
V  [jvm.dll+0x3595d6]
V  [jvm.dll+0x3aa826]
V  [jvm.dll+0x3aaaf8]
V  [jvm.dll+0x3240bc]
V  [jvm.dll+0x324dab]
V  [jvm.dll+0x81fd89]
V  [jvm.dll+0x3b7c08]
V  [jvm.dll+0x80921d]
V  [jvm.dll+0x44c05e]
V  [jvm.dll+0x44d6b1]
C  [jli.dll+0x52ab]
C  [ucrtbase.dll+0x29333]
C  [KERNEL32.DLL+0x1259d]
C  [ntdll.dll+0x5af38]


---------------  P R O C E S S  ---------------

Threads class SMR info:
_java_thread_list=0x00007ffbfb9f57c8, length=0, elements={
}

Java Threads: ( => current thread )
Total: 0

Other Threads:
  0x0000021d7a75bd50 WorkerThread "GC Thread#0"                     [id=10752, stack(0x000000480b000000,0x000000480b100000) (1024K)]
  0x0000021d7a76c670 ConcurrentGCThread "G1 Main Marker"            [id=27568, stack(0x000000480b100000,0x000000480b200000) (1024K)]
  0x0000021d7a76d820 WorkerThread "G1 Conc#0"                       [id=476, stack(0x000000480b200000,0x000000480b300000) (1024K)]

[error occurred during error reporting (printing all threads), id 0xc0000005, EXCEPTION_ACCESS_VIOLATION (0xc0000005) at pc=0x00007ffbfb1f7197]
VM state: not at safepoint (not fully initialized)

VM Mutex/Monitor currently owned by a thread:  ([mutex/lock_event])
[0x00007ffbfba621c8] Heap_lock - owner thread: 0x0000021d7a709750

Heap address: 0x0000000083a00000, size: 1990 MB, Compressed Oops mode: 32-bit

CDS archive(s) mapped at: [0x0000000000000000-0x0000000000000000-0x0000000000000000), size 0, SharedBaseAddress: 0x0000000800000000, ArchiveRelocationMode: 1.
Narrow klass base: 0x0000000000000000, Narrow klass shift: 0, Narrow klass range: 0x0

GC Precious Log:
 CardTable entry size: 512
 Card Set container configuration: InlinePtr #cards 5 size 8 Array Of Cards #cards 12 size 40 Howl #buckets 4 coarsen threshold 1843 Howl Bitmap #cards 512 size 80 coarsen threshold 460 Card regions per heap region 1 cards per card region 2048

Heap:
 garbage-first heap   total 0K, used 0K [0x0000000083a00000, 0x0000000100000000)
  region size 1024K, 0 young (0K), 0 survivors (0K)
 Metaspace       used 0K, committed 0K, reserved 0K
  class space    used 0K, committed 0K, reserved 0K

Heap Regions: E=young(eden), S=young(survivor), O=old, HS=humongous(starts), HC=humongous(continues), CS=collection set, F=free, TAMS=top-at-mark-start, PB=parsable bottom

Card table byte_map: [0x0000021d7df70000,0x0000021d7e360000] _byte_map_base: 0x0000021d7db53000

Marking Bits: (CMBitMap*) 0x0000021d7a75c360
 Bits: [0x0000021d0f000000, 0x0000021d10f18000)

GC Heap History (0 events):
No events

Dll operation events (1 events):
Event: 0.010 Loaded shared library C:\Program Files\Android\Android Studio\jbr\bin\java.dll

Deoptimization events (0 events):
No events

Classes loaded (0 events):
No events

Classes unloaded (0 events):
No events

Classes redefined (0 events):
No events

Internal exceptions (0 events):
No events

ZGC Phase Switch (0 events):
No events

VM Operations (0 events):
No events

Events (0 events):
No events


Dynamic libraries:
0x00007ff6e4d30000 - 0x00007ff6e4d3a000 	C:\Program Files\Android\Android Studio\jbr\bin\java.exe
0x00007ffc455f0000 - 0x00007ffc45807000 	C:\WINDOWS\SYSTEM32\ntdll.dll
0x00007ffc44fd0000 - 0x00007ffc45094000 	C:\WINDOWS\System32\KERNEL32.DLL
0x00007ffc42d10000 - 0x00007ffc430e1000 	C:\WINDOWS\System32\KERNELBASE.dll
0x00007ffc43120000 - 0x00007ffc43231000 	C:\WINDOWS\System32\ucrtbase.dll
0x00007ffc20f60000 - 0x00007ffc20f78000 	C:\Program Files\Android\Android Studio\jbr\bin\jli.dll
0x00007ffc434a0000 - 0x00007ffc43651000 	C:\WINDOWS\System32\USER32.dll
0x00007ffc430f0000 - 0x00007ffc43116000 	C:\WINDOWS\System32\win32u.dll
0x00007ffc2b5d0000 - 0x00007ffc2b862000 	C:\WINDOWS\WinSxS\amd64_microsoft.windows.common-controls_6595b64144ccf1df_6.0.22621.4830_none_270fe7d773858e80\COMCTL32.dll
0x00007ffc43340000 - 0x00007ffc43369000 	C:\WINDOWS\System32\GDI32.dll
0x00007ffc452e0000 - 0x00007ffc45387000 	C:\WINDOWS\System32\msvcrt.dll
0x00007ffc42a80000 - 0x00007ffc42b9b000 	C:\WINDOWS\System32\gdi32full.dll
0x00007ffc42820000 - 0x00007ffc428ba000 	C:\WINDOWS\System32\msvcp_win.dll
0x00007ffc37250000 - 0x00007ffc3726b000 	C:\Program Files\Android\Android Studio\jbr\bin\VCRUNTIME140.dll
0x00007ffc43870000 - 0x00007ffc438a1000 	C:\WINDOWS\System32\IMM32.DLL
0x00007ffc3a130000 - 0x00007ffc3a13c000 	C:\Program Files\Android\Android Studio\jbr\bin\vcruntime140_1.dll
0x00007ffc19a00000 - 0x00007ffc19a8d000 	C:\Program Files\Android\Android Studio\jbr\bin\msvcp140.dll
0x00007ffbfaec0000 - 0x00007ffbfbb3d000 	C:\Program Files\Android\Android Studio\jbr\bin\server\jvm.dll
0x00007ffc450a0000 - 0x00007ffc45151000 	C:\WINDOWS\System32\ADVAPI32.dll
0x00007ffc43370000 - 0x00007ffc43417000 	C:\WINDOWS\System32\sechost.dll
0x00007ffc42730000 - 0x00007ffc42758000 	C:\WINDOWS\System32\bcrypt.dll
0x00007ffc45160000 - 0x00007ffc45274000 	C:\WINDOWS\System32\RPCRT4.dll
0x00007ffc43420000 - 0x00007ffc43491000 	C:\WINDOWS\System32\WS2_32.dll
0x00007ffc42450000 - 0x00007ffc4249d000 	C:\WINDOWS\SYSTEM32\POWRPROF.dll
0x00007ffc378e0000 - 0x00007ffc378ea000 	C:\WINDOWS\SYSTEM32\VERSION.dll
0x00007ffc39eb0000 - 0x00007ffc39ee4000 	C:\WINDOWS\SYSTEM32\WINMM.dll
0x00007ffc42430000 - 0x00007ffc42443000 	C:\WINDOWS\SYSTEM32\UMPDC.dll
0x00007ffc41740000 - 0x00007ffc41758000 	C:\WINDOWS\SYSTEM32\kernel.appcore.dll
0x00007ffc37f70000 - 0x00007ffc37f7a000 	C:\Program Files\Android\Android Studio\jbr\bin\jimage.dll
0x00007ffc3cc60000 - 0x00007ffc3ce92000 	C:\WINDOWS\SYSTEM32\DBGHELP.DLL
0x00007ffc43f00000 - 0x00007ffc44290000 	C:\WINDOWS\System32\combase.dll
0x00007ffc44b20000 - 0x00007ffc44bf7000 	C:\WINDOWS\System32\OLEAUT32.dll
0x00007ffc2df10000 - 0x00007ffc2df42000 	C:\WINDOWS\SYSTEM32\dbgcore.DLL
0x00007ffc42a00000 - 0x00007ffc42a7b000 	C:\WINDOWS\System32\bcryptPrimitives.dll
0x00007ffc37080000 - 0x00007ffc3709f000 	C:\Program Files\Android\Android Studio\jbr\bin\java.dll

dbghelp: loaded successfully - version: 4.0.5 - missing functions: none
symbol engine: initialized successfully - sym options: 0x614 - pdb path: .;C:\Program Files\Android\Android Studio\jbr\bin;C:\WINDOWS\SYSTEM32;C:\WINDOWS\WinSxS\amd64_microsoft.windows.common-controls_6595b64144ccf1df_6.0.22621.4830_none_270fe7d773858e80;C:\Program Files\Android\Android Studio\jbr\bin\server

VM Arguments:
java_command: org.jetbrains.kotlin.cli.jvm.K2JVMCompiler @C:\Users\pc\AndroidStudioProjects\MessEase\app\build\20250330_10599325313006236572.compiler.options
java_class_path (initial): C:\Users\pc\.gradle\caches\modules-2\files-2.1\org.jetbrains.kotlin\kotlin-compiler-embeddable\1.9.21\a8f2d2fed3fc195beef3fab4a7fd1a844e101f0e\kotlin-compiler-embeddable-1.9.21.jar;C:\Users\pc\.gradle\caches\modules-2\files-2.1\org.jetbrains.kotlin\kotlin-stdlib\1.9.21\17ee3e873d439566c7d8354403b5f3d9744c4c9c\kotlin-stdlib-1.9.21.jar;C:\Users\pc\.gradle\caches\modules-2\files-2.1\org.jetbrains.kotlin\kotlin-script-runtime\1.9.21\f5ff679bd666f7f2376209fff998b775b7b701c7\kotlin-script-runtime-1.9.21.jar;C:\Users\pc\.gradle\caches\modules-2\files-2.1\org.jetbrains.kotlin\kotlin-reflect\1.6.10\1cbe9c92c12a94eea200d23c2bbaedaf3daf5132\kotlin-reflect-1.6.10.jar;C:\Users\pc\.gradle\caches\modules-2\files-2.1\org.jetbrains.kotlin\kotlin-daemon-embeddable\1.9.21\e21e55f41ec5f254aec366097b902709b5843234\kotlin-daemon-embeddable-1.9.21.jar;C:\Users\pc\.gradle\caches\modules-2\files-2.1\org.jetbrains.intellij.deps\trove4j\1.0.20200330\3afb14d5f9ceb459d724e907a21145e8ff394f02\trove4j-1.0.20200330.jar;C:\Users\pc\.gradle\caches\modules-2\files-2.1\org.jetbrains\annotations\13.0\919f0dfe192fb4e063e7dacadee7f8bb9a2672a9\annotations-13.0.jar
Launcher Type: SUN_STANDARD

[Global flags]
     intx CICompilerCount                          = 4                                         {product} {ergonomic}
     uint ConcGCThreads                            = 2                                         {product} {ergonomic}
     uint G1ConcRefinementThreads                  = 8                                         {product} {ergonomic}
   size_t G1HeapRegionSize                         = 1048576                                   {product} {ergonomic}
    uintx GCDrainStackTargetSize                   = 64                                        {product} {ergonomic}
   size_t InitialHeapSize                          = 132120576                                 {product} {ergonomic}
   size_t MarkStackSize                            = 4194304                                   {product} {ergonomic}
   size_t MaxHeapSize                              = 2086666240                                {product} {ergonomic}
   size_t MinHeapDeltaBytes                        = 1048576                                   {product} {ergonomic}
   size_t MinHeapSize                              = 8388608                                   {product} {ergonomic}
    uintx NonNMethodCodeHeapSize                   = 5839372                                {pd product} {ergonomic}
    uintx NonProfiledCodeHeapSize                  = 122909434                              {pd product} {ergonomic}
    uintx ProfiledCodeHeapSize                     = 122909434                              {pd product} {ergonomic}
    uintx ReservedCodeCacheSize                    = 251658240                              {pd product} {ergonomic}
     bool SegmentedCodeCache                       = true                                      {product} {ergonomic}
   size_t SoftMaxHeapSize                          = 2086666240                             {manageable} {ergonomic}
     bool UseCompressedOops                        = true                           {product lp64_product} {ergonomic}
     bool UseG1GC                                  = true                                      {product} {ergonomic}
     bool UseLargePagesIndividualAllocation        = false                                  {pd product} {ergonomic}

Logging:
Log output configuration:
 #0: stdout all=warning uptime,level,tags foldmultilines=false
 #1: stderr all=off uptime,level,tags foldmultilines=false

Environment Variables:
PATH=C:\Program Files\Eclipse Adoptium\jdk-21.0.6.7-hotspot\bin;C:\Python312\Scripts\;C:\Python312\;C:\WINDOWS\system32;C:\WINDOWS;C:\WINDOWS\System32\Wbem;C:\WINDOWS\System32\WindowsPowerShell\v1.0\;C:\WINDOWS\System32\OpenSSH\;C:\MinGW\bin;C:\Program Files\Git\cmd;C:\Program Files\Git\mingw64\bin;C:\Program Files\Git\usr\bin;C:\Program Files\nodejs\;C:\ProgramData\chocolatey\bin;C:\Program Files\MySQL\MySQL Server 8.0\bin;C:\Users\pc\Downloads\sqlite-tools-win-x64-3490000;C:\Users\pc\AppData\Roaming\Python\Python312\Scripts;C:\Program Files\Docker\Docker\resources\bin;C:\Program Files\Bitcoin;C:\Program Files\Bitcoin\daemon;C:\Users\pc\.cargo\bin;C:\Program Files\MySQL\MySQL Shell 8.0\bin\;C:\Users\pc\AppData\Local\Microsoft\WindowsApps;C:\Users\pc\AppData\Local\Programs\Microsoft VS Code\bin;C:\Users\pc\AppData\Roaming\npm;C:\Users\pc\Downloads\flutter_windows_3.24.3-stable\flutter\bin;
USERNAME=pc
OS=Windows_NT
PROCESSOR_IDENTIFIER=Intel64 Family 6 Model 142 Stepping 12, GenuineIntel
TMP=C:\Users\pc\AppData\Local\Temp
TEMP=C:\Users\pc\AppData\Local\Temp




Periodic native trim disabled

JNI global refs:
JNI global refs: 0, weak refs: 0

JNI global refs memory usage: 0, weak refs: 0

Process memory usage:
Resident Set Size: 11696K (0% of 8143556K total physical memory with 611872K free physical memory)

OOME stack traces (most recent first):
Classloader memory used:

---------------  S Y S T E M  ---------------

OS:
 Windows 11 , 64 bit Build 22621 (10.0.22621.4974)
OS uptime: 0 days 1:06 hours
Hyper-V role detected

CPU: total 8 (initial active 8) (4 cores per cpu, 2 threads per core) family 6 model 142 stepping 12 microcode 0xfc, cx8, cmov, fxsr, ht, mmx, 3dnowpref, sse, sse2, sse3, ssse3, sse4.1, sse4.2, popcnt, lzcnt, tsc, tscinvbit, avx, avx2, aes, erms, clmul, bmi1, bmi2, adx, fma, vzeroupper, clflush, clflushopt, hv, rdtscp, f16c
Processor Information for all 8 processors :
  Max Mhz: 2208, Current Mhz: 1706, Mhz Limit: 1700

Memory: 4k page, system-wide physical 7952M (597M free)
TotalPageFile size 12327M (AvailPageFile size 70M)
current process WorkingSet (physical memory assigned to process): 11M, peak: 11M
current process commit charge ("private bytes"): 60M, peak: 186M

vm_info: OpenJDK 64-Bit Server VM (21.0.3+-12282718-b509.11) for windows-amd64 JRE (21.0.3+-12282718-b509.11), built on 2024-08-27T17:34:15Z by "builder" with MS VC++ 16.10 / 16.11 (VS2019)

END.
